Using pre-set license
Built from '2020.3/staging' branch; Version is '2020.3.19f1 (68f137dc9bbe) revision 6877495'; Using compiler version '192528614'; Build Type 'Release'
OS: 'Windows 10 Home; OS build 19045.2364; Version 2009; 64bit' Language: 'de' Physical Memory: 8013 MB
BatchMode: 1, IsHumanControllingUs: 0, StartBugReporterOnCrash: 0, Is64bit: 1, IsPro: 0

COMMAND LINE ARGUMENTS:
C:\Program Files\Unity\2020.3.19f1\Editor\Unity.exe
-adb2
-batchMode
-noUpm
-name
AssetImportWorker0
-projectPath
C:/Users/msii/Desktop/Flo´s toller geheimer Ordner/Unity Projekte/My project
-logFile
Logs/AssetImportWorker0.log
-srvPort
64592
Successfully changed project path to: C:/Users/msii/Desktop/Flo´s toller geheimer Ordner/Unity Projekte/My project
C:/Users/msii/Desktop/Flo´s toller geheimer Ordner/Unity Projekte/My project
Using Asset Import Pipeline V2.
Refreshing native plugins compatible for Editor in 30.79 ms, found 2 plugins.
Preloading 0 native plugins for Editor in 0.00 ms.
Initialize engine version: 2020.3.19f1 (68f137dc9bbe)
[Subsystems] Discovering subsystems at path C:/Program Files/Unity/2020.3.19f1/Editor/Data/Resources/UnitySubsystems
[Subsystems] Discovering subsystems at path C:/Users/msii/Desktop/Flo´s toller geheimer Ordner/Unity Projekte/My project/Assets
GfxDevice: creating device client; threaded=0
Direct3D:
    Version:  Direct3D 11.0 [level 11.1]
    Renderer: NVIDIA GeForce GTX 1650 with Max-Q Design (ID=0x1f99)
    Vendor:   
    VRAM:     3962 MB
    Driver:   31.0.15.1659
Initialize mono
Mono path[0] = 'C:/Program Files/Unity/2020.3.19f1/Editor/Data/Managed'
Mono path[1] = 'C:/Program Files/Unity/2020.3.19f1/Editor/Data/MonoBleedingEdge/lib/mono/unityjit'
Mono config path = 'C:/Program Files/Unity/2020.3.19f1/Editor/Data/MonoBleedingEdge/etc'
Using monoOptions --debugger-agent=transport=dt_socket,embedding=1,server=y,suspend=n,address=127.0.0.1:56264
Begin MonoManager ReloadAssembly
Registering precompiled unity dll's ...
Register platform support module: C:/Program Files/Unity/2020.3.19f1/Editor/Data/PlaybackEngines/WindowsStandaloneSupport/UnityEditor.WindowsStandalone.Extensions.dll
Registered in 0.002872 seconds.
Native extension for WindowsStandalone target not found
Refreshing native plugins compatible for Editor in 31.04 ms, found 2 plugins.
Preloading 0 native plugins for Editor in 0.00 ms.
Mono: successfully reloaded assembly
- Completed reload, in  1.522 seconds
Domain Reload Profiling:
	ReloadAssembly (1522ms)
		BeginReloadAssembly (57ms)
			ExecutionOrderSort (0ms)
			DisableScriptedObjects (0ms)
			BackupInstance (0ms)
			ReleaseScriptingObjects (0ms)
			CreateAndSetChildDomain (2ms)
		EndReloadAssembly (376ms)
			LoadAssemblies (52ms)
			RebuildTransferFunctionScriptingTraits (1ms)
			SetupTypeCache (132ms)
			ReleaseScriptCaches (0ms)
			RebuildScriptCaches (26ms)
			SetupLoadedEditorAssemblies (157ms)
				LogAssemblyErrors (0ms)
				InitializePlatformSupportModulesInManaged (4ms)
				SetLoadedEditorAssemblies (0ms)
				RefreshPlugins (31ms)
				BeforeProcessingInitializeOnLoad (16ms)
				ProcessInitializeOnLoadAttributes (76ms)
				ProcessInitializeOnLoadMethodAttributes (30ms)
				AfterProcessingInitializeOnLoad (0ms)
				EditorAssembliesLoaded (0ms)
			ExecutionOrderSort2 (0ms)
			AwakeInstancesAfterBackupRestoration (0ms)
Platform modules already initialized, skipping
Registering precompiled user dll's ...
Registered in 0.006866 seconds.
Begin MonoManager ReloadAssembly
Native extension for WindowsStandalone target not found
Refreshing native plugins compatible for Editor in 0.30 ms, found 2 plugins.
Preloading 0 native plugins for Editor in 0.00 ms.
Mono: successfully reloaded assembly
- Completed reload, in  0.871 seconds
Domain Reload Profiling:
	ReloadAssembly (872ms)
		BeginReloadAssembly (134ms)
			ExecutionOrderSort (0ms)
			DisableScriptedObjects (4ms)
			BackupInstance (0ms)
			ReleaseScriptingObjects (0ms)
			CreateAndSetChildDomain (17ms)
		EndReloadAssembly (684ms)
			LoadAssemblies (93ms)
			RebuildTransferFunctionScriptingTraits (0ms)
			SetupTypeCache (227ms)
			ReleaseScriptCaches (0ms)
			RebuildScriptCaches (35ms)
			SetupLoadedEditorAssemblies (251ms)
				LogAssemblyErrors (0ms)
				InitializePlatformSupportModulesInManaged (4ms)
				SetLoadedEditorAssemblies (0ms)
				RefreshPlugins (0ms)
				BeforeProcessingInitializeOnLoad (65ms)
				ProcessInitializeOnLoadAttributes (171ms)
				ProcessInitializeOnLoadMethodAttributes (4ms)
				AfterProcessingInitializeOnLoad (6ms)
				EditorAssembliesLoaded (0ms)
			ExecutionOrderSort2 (0ms)
			AwakeInstancesAfterBackupRestoration (6ms)
Platform modules already initialized, skipping
========================================================================
Worker process is ready to serve import requests
Launched and connected shader compiler UnityShaderCompiler.exe after 0.05 seconds
Refreshing native plugins compatible for Editor in 0.28 ms, found 2 plugins.
Preloading 0 native plugins for Editor in 0.00 ms.
Unloading 1400 Unused Serialized files (Serialized files now loaded: 0)
System memory in use before: 65.4 MB.
System memory in use after: 65.5 MB.

Unloading 16 unused Assets to reduce memory usage. Loaded Objects now: 1835.
Total: 6.800600 ms (FindLiveObjects: 0.139600 ms CreateObjectMapping: 0.042800 ms MarkObjects: 5.869100 ms  DeleteObjects: 0.747800 ms)

AssetImportParameters requested are different than current active one (requested -> active):
  custom:framework-win-MediaFoundation: 216162199b28c13a410421893ffa2e32 -> 
  custom:video-decoder-ogg-theora: a1e56fd34408186e4bbccfd4996cb3dc -> 
  custom:container-muxer-webm: aa71ff27fc2769a1b78a27578f13a17b -> 
  custom:container-demuxer-webm: 4f35f7cbe854078d1ac9338744f61a02 -> 
  custom:container-demuxer-ogg: 62fdf1f143b41e24485cea50d1cbac27 -> 
  custom:video-encoder-webm-vp8: eb34c28f22e8b96e1ab97ce403110664 -> 
  custom:video-decoder-webm-vp8: 9c59270c3fd7afecdb556c50c9e8de78 -> 
  custom:audio-decoder-ogg-vorbis: bf7c407c2cedff20999df2af8eb42d56 -> 
  custom:audio-encoder-webm-vorbis: bf7c407c2cedff20999df2af8eb42d56 -> 
========================================================================
Received Import Request.
  path: Assets/Material/Thirdparty/Ciathyza/Gridbox Prototype Materials
  artifactKey: Guid(3b262e8280d516346bb46fd07d36a156) Importer(815301076,1909f56bfc062723c751e8b465ee728b)
Start importing Assets/Material/Thirdparty/Ciathyza/Gridbox Prototype Materials using Guid(3b262e8280d516346bb46fd07d36a156) Importer(815301076,1909f56bfc062723c751e8b465ee728b)  -> (artifact id: '092d8571141e08ebc8f930c7520137c8') in 0.013576 seconds 
  Import took 0.017086 seconds .

========================================================================
Received Import Request.
  Time since last request: 0.000436 seconds.
  path: Assets/Material/PlayerColor.mat
  artifactKey: Guid(08f710300099bba44bdee39c553a3b58) Importer(815301076,1909f56bfc062723c751e8b465ee728b)
Start importing Assets/Material/PlayerColor.mat using Guid(08f710300099bba44bdee39c553a3b58) Importer(815301076,1909f56bfc062723c751e8b465ee728b)  -> (artifact id: '8b7be905d6e02f7a8c54e52fb3a92dbf') in 0.126542 seconds 
  Import took 0.129171 seconds .

========================================================================
Received Import Request.
  Time since last request: 0.000194 seconds.
  path: Assets/Material/Thirdparty/Ciathyza
  artifactKey: Guid(7d61f848cd084324086a4eb9154a833e) Importer(815301076,1909f56bfc062723c751e8b465ee728b)
Start importing Assets/Material/Thirdparty/Ciathyza using Guid(7d61f848cd084324086a4eb9154a833e) Importer(815301076,1909f56bfc062723c751e8b465ee728b)  -> (artifact id: 'd8e65f21c937dc0174eb9f994e65f850') in 0.005860 seconds 
  Import took 0.008822 seconds .

========================================================================
Received Import Request.
  Time since last request: 0.000187 seconds.
  path: Assets/Material/Thirdparty
  artifactKey: Guid(57f4ea4b47e5c4440a8c0fc0cd92197d) Importer(815301076,1909f56bfc062723c751e8b465ee728b)
Start importing Assets/Material/Thirdparty using Guid(57f4ea4b47e5c4440a8c0fc0cd92197d) Importer(815301076,1909f56bfc062723c751e8b465ee728b)  -> (artifact id: '76f25d9d91b6cfa3c63cc0ffc6bbd7df') in 0.007731 seconds 
  Import took 0.011256 seconds .

========================================================================
Received Import Request.
  Time since last request: 0.086155 seconds.
  path: Assets/Material/Thirdparty/Ciathyza/Gridbox Prototype Materials/Materials
  artifactKey: Guid(8805697bc33b6b546a43f4484ccbd549) Importer(815301076,1909f56bfc062723c751e8b465ee728b)
Start importing Assets/Material/Thirdparty/Ciathyza/Gridbox Prototype Materials/Materials using Guid(8805697bc33b6b546a43f4484ccbd549) Importer(815301076,1909f56bfc062723c751e8b465ee728b)  -> (artifact id: '2d3eb07ab054cba88369cff317b2d1ef') in 0.007406 seconds 
  Import took 0.011736 seconds .

========================================================================
Received Import Request.
  Time since last request: 2.194217 seconds.
  path: Assets/Material/Thirdparty/Ciathyza/Gridbox Prototype Materials/Materials/HDRP
  artifactKey: Guid(79141bb32ac097246bfc832f54abd142) Importer(815301076,1909f56bfc062723c751e8b465ee728b)
Start importing Assets/Material/Thirdparty/Ciathyza/Gridbox Prototype Materials/Materials/HDRP using Guid(79141bb32ac097246bfc832f54abd142) Importer(815301076,1909f56bfc062723c751e8b465ee728b)  -> (artifact id: '4fd22dc86615f99fb7c9a08614c4c5cd') in 0.011533 seconds 
  Import took 0.014304 seconds .

========================================================================
Received Import Request.
  Time since last request: 0.818172 seconds.
  path: Assets/Material/Thirdparty/Ciathyza/Gridbox Prototype Materials/Materials/HDRP/Prototype_512x512_Blue1.mat
  artifactKey: Guid(a3bb201059475144c8a33fb036223fee) Importer(815301076,1909f56bfc062723c751e8b465ee728b)
Start importing Assets/Material/Thirdparty/Ciathyza/Gridbox Prototype Materials/Materials/HDRP/Prototype_512x512_Blue1.mat using Guid(a3bb201059475144c8a33fb036223fee) Importer(815301076,1909f56bfc062723c751e8b465ee728b)  -> (artifact id: '63b12f068aedf195b3712eecfc882a0c') in 0.016060 seconds 
  Import took 0.018494 seconds .

========================================================================
Received Import Request.
  Time since last request: 0.000167 seconds.
  path: Assets/Material/Thirdparty/Ciathyza/Gridbox Prototype Materials/Materials/HDRP/Prototype_512x512_Green3.mat
  artifactKey: Guid(7ed3c380e58f2ad47b7b63e4f1801f53) Importer(815301076,1909f56bfc062723c751e8b465ee728b)
Start importing Assets/Material/Thirdparty/Ciathyza/Gridbox Prototype Materials/Materials/HDRP/Prototype_512x512_Green3.mat using Guid(7ed3c380e58f2ad47b7b63e4f1801f53) Importer(815301076,1909f56bfc062723c751e8b465ee728b)  -> (artifact id: 'd81b694fb393ef7a32da86aaa7ef6057') in 0.013362 seconds 
  Import took 0.015407 seconds .

========================================================================
Received Import Request.
  Time since last request: 0.000190 seconds.
  path: Assets/Material/Thirdparty/Ciathyza/Gridbox Prototype Materials/Materials/HDRP/Prototype_512x512_Purple.mat
  artifactKey: Guid(5ce503b0bb0f5c14384ba8c62a7718ef) Importer(815301076,1909f56bfc062723c751e8b465ee728b)
Start importing Assets/Material/Thirdparty/Ciathyza/Gridbox Prototype Materials/Materials/HDRP/Prototype_512x512_Purple.mat using Guid(5ce503b0bb0f5c14384ba8c62a7718ef) Importer(815301076,1909f56bfc062723c751e8b465ee728b)  -> (artifact id: '1ea017c66be1e34c7013da6ea1018e3e') in 0.017532 seconds 
  Import took 0.020501 seconds .

========================================================================
Received Import Request.
  Time since last request: 0.000222 seconds.
  path: Assets/Material/Thirdparty/Ciathyza/Gridbox Prototype Materials/Materials/HDRP/Prototype_512x512_Brown.mat
  artifactKey: Guid(f4348a1a14c8f764cb56ec55ce3178cf) Importer(815301076,1909f56bfc062723c751e8b465ee728b)
Start importing Assets/Material/Thirdparty/Ciathyza/Gridbox Prototype Materials/Materials/HDRP/Prototype_512x512_Brown.mat using Guid(f4348a1a14c8f764cb56ec55ce3178cf) Importer(815301076,1909f56bfc062723c751e8b465ee728b)  -> (artifact id: '944d619f5eb69a11fd457d7bf185a7c7') in 0.017828 seconds 
  Import took 0.021959 seconds .

========================================================================
Received Import Request.
  Time since last request: 0.000227 seconds.
  path: Assets/Material/Thirdparty/Ciathyza/Gridbox Prototype Materials/Materials/HDRP/Prototype_512x512_Grey1.mat
  artifactKey: Guid(407dd1eb53861f742b94fe1575efb1f9) Importer(815301076,1909f56bfc062723c751e8b465ee728b)
Start importing Assets/Material/Thirdparty/Ciathyza/Gridbox Prototype Materials/Materials/HDRP/Prototype_512x512_Grey1.mat using Guid(407dd1eb53861f742b94fe1575efb1f9) Importer(815301076,1909f56bfc062723c751e8b465ee728b)  -> (artifact id: '6a497d4ba5ecf3ab95545a8d17c0ffc4') in 0.014763 seconds 
  Import took 0.017307 seconds .

========================================================================
Received Import Request.
  Time since last request: 0.000189 seconds.
  path: Assets/Material/Thirdparty/Ciathyza/Gridbox Prototype Materials/Materials/HDRP/Prototype_512x512_Blue2.mat
  artifactKey: Guid(11bd8fa5d77cdc04ba5fe49449edc62b) Importer(815301076,1909f56bfc062723c751e8b465ee728b)
Start importing Assets/Material/Thirdparty/Ciathyza/Gridbox Prototype Materials/Materials/HDRP/Prototype_512x512_Blue2.mat using Guid(11bd8fa5d77cdc04ba5fe49449edc62b) Importer(815301076,1909f56bfc062723c751e8b465ee728b)  -> (artifact id: 'a6fa76b23f4f7647ca4ae3b39da6ee7e') in 0.014769 seconds 
  Import took 0.017937 seconds .

========================================================================
Received Import Request.
  Time since last request: 0.000307 seconds.
  path: Assets/Material/Thirdparty/Ciathyza/Gridbox Prototype Materials/Materials/HDRP/Prototype_512x512_Cyan.mat
  artifactKey: Guid(c64c1acf96544784d9b5951b5d5b85dd) Importer(815301076,1909f56bfc062723c751e8b465ee728b)
Start importing Assets/Material/Thirdparty/Ciathyza/Gridbox Prototype Materials/Materials/HDRP/Prototype_512x512_Cyan.mat using Guid(c64c1acf96544784d9b5951b5d5b85dd) Importer(815301076,1909f56bfc062723c751e8b465ee728b)  -> (artifact id: '33a5389e86f2dbe054b269ce45d6a3c5') in 0.013789 seconds 
  Import took 0.016371 seconds .

========================================================================
Received Import Request.
  Time since last request: 0.000169 seconds.
  path: Assets/Material/Thirdparty/Ciathyza/Gridbox Prototype Materials/Materials/HDRP/Prototype_512x512_Red.mat
  artifactKey: Guid(a0bb7b0b41265264181095766b771e2a) Importer(815301076,1909f56bfc062723c751e8b465ee728b)
Start importing Assets/Material/Thirdparty/Ciathyza/Gridbox Prototype Materials/Materials/HDRP/Prototype_512x512_Red.mat using Guid(a0bb7b0b41265264181095766b771e2a) Importer(815301076,1909f56bfc062723c751e8b465ee728b)  -> (artifact id: 'e63ae026f16ae8025db114de81f1ef77') in 0.014261 seconds 
  Import took 0.017515 seconds .

========================================================================
Received Import Request.
  Time since last request: 0.000263 seconds.
  path: Assets/Material/Thirdparty/Ciathyza/Gridbox Prototype Materials/Materials/HDRP/Prototype_512x512_Pink.mat
  artifactKey: Guid(c93204e1dd7627c4ba2c1f216a2e0c3f) Importer(815301076,1909f56bfc062723c751e8b465ee728b)
Start importing Assets/Material/Thirdparty/Ciathyza/Gridbox Prototype Materials/Materials/HDRP/Prototype_512x512_Pink.mat using Guid(c93204e1dd7627c4ba2c1f216a2e0c3f) Importer(815301076,1909f56bfc062723c751e8b465ee728b)  -> (artifact id: 'cc1bd6bf9134564f69c46b1a83ab13e6') in 0.017096 seconds 
  Import took 0.020851 seconds .

========================================================================
Received Import Request.
  Time since last request: 0.000200 seconds.
  path: Assets/Material/Thirdparty/Ciathyza/Gridbox Prototype Materials/Materials/HDRP/Prototype_512x512_Grey4.mat
  artifactKey: Guid(063fe2719faa0af4c8ad90c48feddfa9) Importer(815301076,1909f56bfc062723c751e8b465ee728b)
Start importing Assets/Material/Thirdparty/Ciathyza/Gridbox Prototype Materials/Materials/HDRP/Prototype_512x512_Grey4.mat using Guid(063fe2719faa0af4c8ad90c48feddfa9) Importer(815301076,1909f56bfc062723c751e8b465ee728b)  -> (artifact id: '9d3c192c4d8dcfb03c7628c6820f3ee2') in 0.019310 seconds 
  Import took 0.026452 seconds .

========================================================================
Received Import Request.
  Time since last request: 0.000216 seconds.
  path: Assets/Material/Thirdparty/Ciathyza/Gridbox Prototype Materials/Materials/HDRP/Prototype_512x512_Olive.mat
  artifactKey: Guid(8b47ae490899bfa49a3e76982501ca66) Importer(815301076,1909f56bfc062723c751e8b465ee728b)
Start importing Assets/Material/Thirdparty/Ciathyza/Gridbox Prototype Materials/Materials/HDRP/Prototype_512x512_Olive.mat using Guid(8b47ae490899bfa49a3e76982501ca66) Importer(815301076,1909f56bfc062723c751e8b465ee728b)  -> (artifact id: '947e63479947a2cbdb7e9a171adfe38b') in 0.016782 seconds 
  Import took 0.020570 seconds .

========================================================================
Received Import Request.
  Time since last request: 0.000208 seconds.
  path: Assets/Material/Thirdparty/Ciathyza/Gridbox Prototype Materials/Materials/HDRP/Prototype_512x512_Green1.mat
  artifactKey: Guid(ce8e54307f66af44e8324f80cfbbc406) Importer(815301076,1909f56bfc062723c751e8b465ee728b)
Start importing Assets/Material/Thirdparty/Ciathyza/Gridbox Prototype Materials/Materials/HDRP/Prototype_512x512_Green1.mat using Guid(ce8e54307f66af44e8324f80cfbbc406) Importer(815301076,1909f56bfc062723c751e8b465ee728b)  -> (artifact id: 'f4449b96c5bc84b93fb3d86387fa1adb') in 0.013933 seconds 
  Import took 0.017068 seconds .

========================================================================
Received Import Request.
  Time since last request: 0.000254 seconds.
  path: Assets/Material/Thirdparty/Ciathyza/Gridbox Prototype Materials/Materials/HDRP/Prototype_512x512_Grey3.mat
  artifactKey: Guid(64e7710beef8f8d4fb1adff36b78ebe5) Importer(815301076,1909f56bfc062723c751e8b465ee728b)
Start importing Assets/Material/Thirdparty/Ciathyza/Gridbox Prototype Materials/Materials/HDRP/Prototype_512x512_Grey3.mat using Guid(64e7710beef8f8d4fb1adff36b78ebe5) Importer(815301076,1909f56bfc062723c751e8b465ee728b)  -> (artifact id: '80ac3282d28de98312658e1597854361') in 0.014100 seconds 
  Import took 0.016850 seconds .

========================================================================
Received Import Request.
  Time since last request: 0.000174 seconds.
  path: Assets/Material/Thirdparty/Ciathyza/Gridbox Prototype Materials/Materials/HDRP/Prototype_512x512_Blue3.mat
  artifactKey: Guid(a5135dc254c0810479c2e2e7fe18d115) Importer(815301076,1909f56bfc062723c751e8b465ee728b)
Start importing Assets/Material/Thirdparty/Ciathyza/Gridbox Prototype Materials/Materials/HDRP/Prototype_512x512_Blue3.mat using Guid(a5135dc254c0810479c2e2e7fe18d115) Importer(815301076,1909f56bfc062723c751e8b465ee728b)  -> (artifact id: '57e7e94c4189ac1d4a47765c5dfae198') in 0.014366 seconds 
  Import took 0.017691 seconds .

========================================================================
Received Import Request.
  Time since last request: 0.000210 seconds.
  path: Assets/Material/Thirdparty/Ciathyza/Gridbox Prototype Materials/Materials/HDRP/Prototype_512x512_Magenta.mat
  artifactKey: Guid(eda9673cb2c67344ebd6453cf45aea33) Importer(815301076,1909f56bfc062723c751e8b465ee728b)
Start importing Assets/Material/Thirdparty/Ciathyza/Gridbox Prototype Materials/Materials/HDRP/Prototype_512x512_Magenta.mat using Guid(eda9673cb2c67344ebd6453cf45aea33) Importer(815301076,1909f56bfc062723c751e8b465ee728b)  -> (artifact id: 'cf6e1cc7a24a8a868070fcfcbf05559b') in 0.013480 seconds 
  Import took 0.017306 seconds .

========================================================================
Received Import Request.
  Time since last request: 0.000207 seconds.
  path: Assets/Material/Thirdparty/Ciathyza/Gridbox Prototype Materials/Materials/HDRP/Prototype_512x512_Orange.mat
  artifactKey: Guid(9ff5cb3f6d58d404ba18b2292fb19274) Importer(815301076,1909f56bfc062723c751e8b465ee728b)
Start importing Assets/Material/Thirdparty/Ciathyza/Gridbox Prototype Materials/Materials/HDRP/Prototype_512x512_Orange.mat using Guid(9ff5cb3f6d58d404ba18b2292fb19274) Importer(815301076,1909f56bfc062723c751e8b465ee728b)  -> (artifact id: '8736a0ae241f4dabaeb45fa90e777956') in 0.015320 seconds 
  Import took 0.018170 seconds .

========================================================================
Received Import Request.
  Time since last request: 0.000174 seconds.
  path: Assets/Material/Thirdparty/Ciathyza/Gridbox Prototype Materials/Materials/HDRP/Prototype_512x512_White.mat
  artifactKey: Guid(e50bc405741c96a43a6fe35794c0e45c) Importer(815301076,1909f56bfc062723c751e8b465ee728b)
Start importing Assets/Material/Thirdparty/Ciathyza/Gridbox Prototype Materials/Materials/HDRP/Prototype_512x512_White.mat using Guid(e50bc405741c96a43a6fe35794c0e45c) Importer(815301076,1909f56bfc062723c751e8b465ee728b)  -> (artifact id: 'b3798254fbd5939a33117ab9595c044a') in 0.014938 seconds 
  Import took 0.018204 seconds .

========================================================================
Received Import Request.
  Time since last request: 0.000276 seconds.
  path: Assets/Material/Thirdparty/Ciathyza/Gridbox Prototype Materials/Materials/HDRP/Prototype_512x512_Yellow.mat
  artifactKey: Guid(7cacc1ed09df72a44a3d271b6aeff8b1) Importer(815301076,1909f56bfc062723c751e8b465ee728b)
Start importing Assets/Material/Thirdparty/Ciathyza/Gridbox Prototype Materials/Materials/HDRP/Prototype_512x512_Yellow.mat using Guid(7cacc1ed09df72a44a3d271b6aeff8b1) Importer(815301076,1909f56bfc062723c751e8b465ee728b)  -> (artifact id: '148e1487f1499b59ef32032cebfb35d4') in 0.013322 seconds 
  Import took 0.019626 seconds .

========================================================================
Received Import Request.
  Time since last request: 0.000215 seconds.
  path: Assets/Material/Thirdparty/Ciathyza/Gridbox Prototype Materials/Materials/HDRP/Prototype_512x512_Green2.mat
  artifactKey: Guid(78201fbee053b64418f206ffa851e22b) Importer(815301076,1909f56bfc062723c751e8b465ee728b)
Start importing Assets/Material/Thirdparty/Ciathyza/Gridbox Prototype Materials/Materials/HDRP/Prototype_512x512_Green2.mat using Guid(78201fbee053b64418f206ffa851e22b) Importer(815301076,1909f56bfc062723c751e8b465ee728b)  -> (artifact id: '0043c646630392e50837855d0262eb35') in 0.014696 seconds 
  Import took 0.017837 seconds .

========================================================================
Received Import Request.
  Time since last request: 0.000177 seconds.
  path: Assets/Material/Thirdparty/Ciathyza/Gridbox Prototype Materials/Materials/HDRP/Prototype_512x512_Grey2.mat
  artifactKey: Guid(cdf164cdf4587f3428893fec8b74496e) Importer(815301076,1909f56bfc062723c751e8b465ee728b)
Start importing Assets/Material/Thirdparty/Ciathyza/Gridbox Prototype Materials/Materials/HDRP/Prototype_512x512_Grey2.mat using Guid(cdf164cdf4587f3428893fec8b74496e) Importer(815301076,1909f56bfc062723c751e8b465ee728b)  -> (artifact id: '0ce1614ea96bf39f5f563d2343c45826') in 0.014637 seconds 
  Import took 0.018071 seconds .

========================================================================
Received Import Request.
  Time since last request: 10.294139 seconds.
  path: Assets/Scenes
  artifactKey: Guid(6ea315d0fd7389c41b19996891e99ae3) Importer(815301076,1909f56bfc062723c751e8b465ee728b)
Start importing Assets/Scenes using Guid(6ea315d0fd7389c41b19996891e99ae3) Importer(815301076,1909f56bfc062723c751e8b465ee728b)  -> (artifact id: 'fd21fa7a6c7995562054ace971d31a84') in 0.007697 seconds 
  Import took 0.013688 seconds .

========================================================================
Received Prepare
Registering precompiled user dll's ...
Registered in 0.003022 seconds.
Begin MonoManager ReloadAssembly
Native extension for WindowsStandalone target not found
Refreshing native plugins compatible for Editor in 0.34 ms, found 2 plugins.
Preloading 0 native plugins for Editor in 0.00 ms.
Mono: successfully reloaded assembly
- Completed reload, in  0.830 seconds
Domain Reload Profiling:
	ReloadAssembly (830ms)
		BeginReloadAssembly (104ms)
			ExecutionOrderSort (0ms)
			DisableScriptedObjects (4ms)
			BackupInstance (0ms)
			ReleaseScriptingObjects (0ms)
			CreateAndSetChildDomain (32ms)
		EndReloadAssembly (671ms)
			LoadAssemblies (77ms)
			RebuildTransferFunctionScriptingTraits (0ms)
			SetupTypeCache (227ms)
			ReleaseScriptCaches (1ms)
			RebuildScriptCaches (35ms)
			SetupLoadedEditorAssemblies (250ms)
				LogAssemblyErrors (0ms)
				InitializePlatformSupportModulesInManaged (4ms)
				SetLoadedEditorAssemblies (0ms)
				RefreshPlugins (0ms)
				BeforeProcessingInitializeOnLoad (65ms)
				ProcessInitializeOnLoadAttributes (164ms)
				ProcessInitializeOnLoadMethodAttributes (6ms)
				AfterProcessingInitializeOnLoad (9ms)
				EditorAssembliesLoaded (0ms)
			ExecutionOrderSort2 (0ms)
			AwakeInstancesAfterBackupRestoration (6ms)
Platform modules already initialized, skipping
Refreshing native plugins compatible for Editor in 0.31 ms, found 2 plugins.
Preloading 0 native plugins for Editor in 0.00 ms.
Unloading 1395 Unused Serialized files (Serialized files now loaded: 0)
System memory in use before: 68.6 MB.
System memory in use after: 68.7 MB.

Unloading 11 unused Assets to reduce memory usage. Loaded Objects now: 1878.
Total: 2.332200 ms (FindLiveObjects: 0.166000 ms CreateObjectMapping: 0.051600 ms MarkObjects: 2.098400 ms  DeleteObjects: 0.014700 ms)

AssetImportParameters requested are different than current active one (requested -> active):
  custom:framework-win-MediaFoundation: 216162199b28c13a410421893ffa2e32 -> 
  custom:video-decoder-ogg-theora: a1e56fd34408186e4bbccfd4996cb3dc -> 
  custom:container-muxer-webm: aa71ff27fc2769a1b78a27578f13a17b -> 
  custom:container-demuxer-webm: 4f35f7cbe854078d1ac9338744f61a02 -> 
  custom:container-demuxer-ogg: 62fdf1f143b41e24485cea50d1cbac27 -> 
  custom:video-encoder-webm-vp8: eb34c28f22e8b96e1ab97ce403110664 -> 
  custom:video-decoder-webm-vp8: 9c59270c3fd7afecdb556c50c9e8de78 -> 
  custom:audio-decoder-ogg-vorbis: bf7c407c2cedff20999df2af8eb42d56 -> 
  custom:audio-encoder-webm-vorbis: bf7c407c2cedff20999df2af8eb42d56 -> 
========================================================================
Received Import Request.
  Time since last request: 526.265163 seconds.
  path: Assets/Scripts/PlayerMovement.cs
  artifactKey: Guid(734f66f40f2156647b10d4289b1a5177) Importer(815301076,1909f56bfc062723c751e8b465ee728b)
Start importing Assets/Scripts/PlayerMovement.cs using Guid(734f66f40f2156647b10d4289b1a5177) Importer(815301076,1909f56bfc062723c751e8b465ee728b)  -> (artifact id: '79efd65d40948ff79bafae2ee16be47b') in 0.027184 seconds 
  Import took 0.053199 seconds .

========================================================================
Received Import Request.
  Time since last request: 9.554590 seconds.
  path: Assets/Scripts/PlayerMovment.cs
  artifactKey: Guid(1c346a15003f5b1438ebd9f84893a216) Importer(815301076,1909f56bfc062723c751e8b465ee728b)
Start importing Assets/Scripts/PlayerMovment.cs using Guid(1c346a15003f5b1438ebd9f84893a216) Importer(815301076,1909f56bfc062723c751e8b465ee728b)  -> (artifact id: 'de86697a8ca6793fdee3572d99ae3c68') in 0.006755 seconds 
  Import took 0.009495 seconds .

========================================================================
Received Prepare
Registering precompiled user dll's ...
Registered in 0.003875 seconds.
Begin MonoManager ReloadAssembly
Native extension for WindowsStandalone target not found
Refreshing native plugins compatible for Editor in 0.33 ms, found 2 plugins.
Preloading 0 native plugins for Editor in 0.00 ms.
Mono: successfully reloaded assembly
- Completed reload, in  0.942 seconds
Domain Reload Profiling:
	ReloadAssembly (945ms)
		BeginReloadAssembly (175ms)
			ExecutionOrderSort (0ms)
			DisableScriptedObjects (14ms)
			BackupInstance (0ms)
			ReleaseScriptingObjects (0ms)
			CreateAndSetChildDomain (63ms)
		EndReloadAssembly (694ms)
			LoadAssemblies (92ms)
			RebuildTransferFunctionScriptingTraits (0ms)
			SetupTypeCache (248ms)
			ReleaseScriptCaches (1ms)
			RebuildScriptCaches (33ms)
			SetupLoadedEditorAssemblies (240ms)
				LogAssemblyErrors (0ms)
				InitializePlatformSupportModulesInManaged (5ms)
				SetLoadedEditorAssemblies (0ms)
				RefreshPlugins (0ms)
				BeforeProcessingInitializeOnLoad (62ms)
				ProcessInitializeOnLoadAttributes (162ms)
				ProcessInitializeOnLoadMethodAttributes (3ms)
				AfterProcessingInitializeOnLoad (6ms)
				EditorAssembliesLoaded (0ms)
			ExecutionOrderSort2 (0ms)
			AwakeInstancesAfterBackupRestoration (6ms)
Platform modules already initialized, skipping
Refreshing native plugins compatible for Editor in 0.40 ms, found 2 plugins.
Preloading 0 native plugins for Editor in 0.00 ms.
Unloading 1394 Unused Serialized files (Serialized files now loaded: 0)
System memory in use before: 68.6 MB.
System memory in use after: 68.7 MB.

Unloading 12 unused Assets to reduce memory usage. Loaded Objects now: 1879.
Total: 3.177500 ms (FindLiveObjects: 0.215900 ms CreateObjectMapping: 0.051600 ms MarkObjects: 2.884800 ms  DeleteObjects: 0.023600 ms)

AssetImportParameters requested are different than current active one (requested -> active):
  custom:framework-win-MediaFoundation: 216162199b28c13a410421893ffa2e32 -> 
  custom:video-decoder-ogg-theora: a1e56fd34408186e4bbccfd4996cb3dc -> 
  custom:container-muxer-webm: aa71ff27fc2769a1b78a27578f13a17b -> 
  custom:container-demuxer-webm: 4f35f7cbe854078d1ac9338744f61a02 -> 
  custom:container-demuxer-ogg: 62fdf1f143b41e24485cea50d1cbac27 -> 
  custom:video-encoder-webm-vp8: eb34c28f22e8b96e1ab97ce403110664 -> 
  custom:video-decoder-webm-vp8: 9c59270c3fd7afecdb556c50c9e8de78 -> 
  custom:audio-decoder-ogg-vorbis: bf7c407c2cedff20999df2af8eb42d56 -> 
  custom:audio-encoder-webm-vorbis: bf7c407c2cedff20999df2af8eb42d56 -> 
========================================================================
Received Import Request.
  Time since last request: 395.039390 seconds.
  path: ProjectSettings/TagManager.asset
  artifactKey: Guid(00000000000000003000000000000000) Importer(815301076,1909f56bfc062723c751e8b465ee728b)
Start importing ProjectSettings/TagManager.asset using Guid(00000000000000003000000000000000) Importer(815301076,1909f56bfc062723c751e8b465ee728b)  -> (artifact id: 'ce6a35c3cddc746e7501c0bd0ed6d4ce') in 0.042741 seconds 
  Import took 0.045532 seconds .

========================================================================
Received Prepare
Registering precompiled user dll's ...
Registered in 0.002701 seconds.
Begin MonoManager ReloadAssembly
Native extension for WindowsStandalone target not found
Refreshing native plugins compatible for Editor in 0.40 ms, found 2 plugins.
Preloading 0 native plugins for Editor in 0.00 ms.
Mono: successfully reloaded assembly
- Completed reload, in  0.913 seconds
Domain Reload Profiling:
	ReloadAssembly (914ms)
		BeginReloadAssembly (122ms)
			ExecutionOrderSort (0ms)
			DisableScriptedObjects (4ms)
			BackupInstance (0ms)
			ReleaseScriptingObjects (0ms)
			CreateAndSetChildDomain (33ms)
		EndReloadAssembly (732ms)
			LoadAssemblies (84ms)
			RebuildTransferFunctionScriptingTraits (0ms)
			SetupTypeCache (270ms)
			ReleaseScriptCaches (1ms)
			RebuildScriptCaches (35ms)
			SetupLoadedEditorAssemblies (244ms)
				LogAssemblyErrors (0ms)
				InitializePlatformSupportModulesInManaged (5ms)
				SetLoadedEditorAssemblies (0ms)
				RefreshPlugins (0ms)
				BeforeProcessingInitializeOnLoad (67ms)
				ProcessInitializeOnLoadAttributes (161ms)
				ProcessInitializeOnLoadMethodAttributes (3ms)
				AfterProcessingInitializeOnLoad (6ms)
				EditorAssembliesLoaded (0ms)
			ExecutionOrderSort2 (0ms)
			AwakeInstancesAfterBackupRestoration (7ms)
Platform modules already initialized, skipping
Refreshing native plugins compatible for Editor in 0.34 ms, found 2 plugins.
Preloading 0 native plugins for Editor in 0.00 ms.
Unloading 1394 Unused Serialized files (Serialized files now loaded: 0)
System memory in use before: 68.6 MB.
System memory in use after: 68.7 MB.

Unloading 12 unused Assets to reduce memory usage. Loaded Objects now: 1881.
Total: 2.604200 ms (FindLiveObjects: 0.228200 ms CreateObjectMapping: 0.065400 ms MarkObjects: 2.278100 ms  DeleteObjects: 0.031300 ms)

AssetImportParameters requested are different than current active one (requested -> active):
  custom:framework-win-MediaFoundation: 216162199b28c13a410421893ffa2e32 -> 
  custom:video-decoder-ogg-theora: a1e56fd34408186e4bbccfd4996cb3dc -> 
  custom:container-muxer-webm: aa71ff27fc2769a1b78a27578f13a17b -> 
  custom:container-demuxer-webm: 4f35f7cbe854078d1ac9338744f61a02 -> 
  custom:container-demuxer-ogg: 62fdf1f143b41e24485cea50d1cbac27 -> 
  custom:video-encoder-webm-vp8: eb34c28f22e8b96e1ab97ce403110664 -> 
  custom:video-decoder-webm-vp8: 9c59270c3fd7afecdb556c50c9e8de78 -> 
  custom:audio-decoder-ogg-vorbis: bf7c407c2cedff20999df2af8eb42d56 -> 
  custom:audio-encoder-webm-vorbis: bf7c407c2cedff20999df2af8eb42d56 -> 
========================================================================
Received Prepare
Registering precompiled user dll's ...
Registered in 0.007741 seconds.
Begin MonoManager ReloadAssembly
Native extension for WindowsStandalone target not found
Refreshing native plugins compatible for Editor in 0.82 ms, found 2 plugins.
Preloading 0 native plugins for Editor in 0.00 ms.
Mono: successfully reloaded assembly
- Completed reload, in  1.337 seconds
Domain Reload Profiling:
	ReloadAssembly (1362ms)
		BeginReloadAssembly (407ms)
			ExecutionOrderSort (0ms)
			DisableScriptedObjects (76ms)
			BackupInstance (0ms)
			ReleaseScriptingObjects (0ms)
			CreateAndSetChildDomain (172ms)
		EndReloadAssembly (863ms)
			LoadAssemblies (119ms)
			RebuildTransferFunctionScriptingTraits (0ms)
			SetupTypeCache (265ms)
			ReleaseScriptCaches (4ms)
			RebuildScriptCaches (39ms)
			SetupLoadedEditorAssemblies (317ms)
				LogAssemblyErrors (0ms)
				InitializePlatformSupportModulesInManaged (6ms)
				SetLoadedEditorAssemblies (1ms)
				RefreshPlugins (1ms)
				BeforeProcessingInitializeOnLoad (85ms)
				ProcessInitializeOnLoadAttributes (213ms)
				ProcessInitializeOnLoadMethodAttributes (4ms)
				AfterProcessingInitializeOnLoad (7ms)
				EditorAssembliesLoaded (0ms)
			ExecutionOrderSort2 (0ms)
			AwakeInstancesAfterBackupRestoration (9ms)
Platform modules already initialized, skipping
Refreshing native plugins compatible for Editor in 0.29 ms, found 2 plugins.
Preloading 0 native plugins for Editor in 0.00 ms.
Unloading 1394 Unused Serialized files (Serialized files now loaded: 0)
System memory in use before: 68.6 MB.
System memory in use after: 68.7 MB.

Unloading 11 unused Assets to reduce memory usage. Loaded Objects now: 1883.
Total: 2.356400 ms (FindLiveObjects: 0.162300 ms CreateObjectMapping: 0.044400 ms MarkObjects: 2.129500 ms  DeleteObjects: 0.017900 ms)

AssetImportParameters requested are different than current active one (requested -> active):
  custom:framework-win-MediaFoundation: 216162199b28c13a410421893ffa2e32 -> 
  custom:video-decoder-ogg-theora: a1e56fd34408186e4bbccfd4996cb3dc -> 
  custom:container-muxer-webm: aa71ff27fc2769a1b78a27578f13a17b -> 
  custom:container-demuxer-webm: 4f35f7cbe854078d1ac9338744f61a02 -> 
  custom:container-demuxer-ogg: 62fdf1f143b41e24485cea50d1cbac27 -> 
  custom:video-encoder-webm-vp8: eb34c28f22e8b96e1ab97ce403110664 -> 
  custom:video-decoder-webm-vp8: 9c59270c3fd7afecdb556c50c9e8de78 -> 
  custom:audio-decoder-ogg-vorbis: bf7c407c2cedff20999df2af8eb42d56 -> 
  custom:audio-encoder-webm-vorbis: bf7c407c2cedff20999df2af8eb42d56 -> 
AssetImportWorkerClient::OnTransportError - code=2 error=End of file
